<?xml version="1.0" encoding="UTF-8"?>
<testng-results ignored="0" total="1" passed="1" failed="0" skipped="0">
  <reporter-output>
  </reporter-output>
  <suite started-at="2023-02-10T14:31:47 CST" name="Surefire suite" finished-at="2023-02-10T14:32:07 CST" duration-ms="20501">
    <groups>
    </groups>
    <test started-at="2023-02-10T14:31:47 CST" name="Surefire test" finished-at="2023-02-10T14:32:07 CST" duration-ms="20501">
      <class name="com.main.cucumber_framework.AppTest">
        <test-method signature="shouldAnswerWithTrue()" started-at="2023-02-10T14:31:47 CST" name="shouldAnswerWithTrue" finished-at="2023-02-10T14:31:47 CST" duration-ms="3" status="PASS">
          <reporter-output>
          </reporter-output>
        </test-method> <!-- shouldAnswerWithTrue -->
      </class> <!-- com.main.cucumber_framework.AppTest -->
    </test> <!-- Surefire test -->
  </suite> <!-- Surefire suite -->
</testng-results>
