<?xml version="1.0" encoding="UTF-8"?>
<testng-results ignored="0" total="1" passed="1" failed="0" skipped="0">
  <reporter-output>
  </reporter-output>
  <suite started-at="2023-02-08T17:24:28 CST" name="Default suite" finished-at="2023-02-08T17:24:45 CST" duration-ms="16437">
    <groups>
    </groups>
    <test started-at="2023-02-08T17:24:28 CST" name="Default test" finished-at="2023-02-08T17:24:45 CST" duration-ms="16437">
      <class name="testcases.HomePageTest">
        <test-method is-config="true" signature="openApp()[pri:0, instance:testcases.HomePageTest@5677323c]" started-at="2023-02-08T17:24:28 CST" name="openApp" finished-at="2023-02-08T17:24:43 CST" duration-ms="14082" status="PASS">
          <reporter-output>
          </reporter-output>
        </test-method> <!-- openApp -->
        <test-method signature="productsAreDisplayedTest()[pri:0, instance:testcases.HomePageTest@5677323c]" started-at="2023-02-08T17:24:43 CST" name="productsAreDisplayedTest" finished-at="2023-02-08T17:24:44 CST" duration-ms="1094" status="PASS">
          <reporter-output>
          </reporter-output>
        </test-method> <!-- productsAreDisplayedTest -->
        <test-method is-config="true" signature="teardown()[pri:0, instance:testcases.HomePageTest@5677323c]" started-at="2023-02-08T17:24:44 CST" name="teardown" finished-at="2023-02-08T17:24:45 CST" duration-ms="1175" status="PASS">
          <reporter-output>
          </reporter-output>
        </test-method> <!-- teardown -->
      </class> <!-- testcases.HomePageTest -->
    </test> <!-- Default test -->
  </suite> <!-- Default suite -->
</testng-results>
